* using log directory ‘/home/oswaldo/Documents/Projects/capms/capm/capm.Rcheck’
* using R version 2.15.3 (2013-03-01)
* using platform: i686-pc-linux-gnu (32-bit)
* using session charset: UTF-8
* checking for file ‘capm/DESCRIPTION’ ... OK
* checking extension type ... Package
* this is package ‘capm’ version ‘0.01-1’
* package encoding: UTF-8
* checking CRAN incoming feasibility ... NOTE
Maintainer: ‘Oswaldo Santos <oswaldosant@gmail.com>’
New submission
* checking package namespace information ... OK
* checking package dependencies ... OK
* checking if this is a source package ... OK
* checking if there is a namespace ... OK
* checking for executable files ... OK
* checking for hidden files and directories ... OK
* checking whether package ‘capm’ can be installed ... OK
* checking installed package size ... OK
* checking package directory ... OK
* checking for portable file names ... OK
* checking for sufficient/correct file permissions ... OK
* checking DESCRIPTION meta-information ... OK
* checking top-level files ... OK
* checking for left-over files ... OK
* checking index information ... OK
* checking package subdirectories ... OK
* checking R files for non-ASCII characters ... OK
* checking R files for syntax errors ... OK
* checking whether the package can be loaded ... OK
* checking whether the package can be loaded with stated dependencies ... OK
* checking whether the package can be unloaded cleanly ... OK
* checking whether the namespace can be loaded with stated dependencies ... OK
* checking whether the namespace can be unloaded cleanly ... OK
* checking loading without being on the library search path ... OK
* checking for unstated dependencies in R code ... OK
* checking S3 generic/method consistency ... OK
* checking replacement functions ... OK
* checking foreign function calls ... OK
* checking R code for possible problems ... OK
* checking Rd files ... OK
* checking Rd metadata ... OK
* checking Rd cross-references ... WARNING
Missing link(s) in documentation object ‘/home/oswaldo/Documents/Projects/capms/capm/capm.Rcheck/00_pkg_src/capm/man/psu.ssu.Rd’:
  ‘www.ibge.gov.br’

See the information in section ‘Cross-references’ of the ‘Writing R
Extensions’ manual.

* checking for missing documentation entries ... OK
* checking for code/documentation mismatches ... WARNING
Data codoc mismatches from documentation object 'Sample':
Variables in data frame 'Sample'
  Code: adopted age births caes castrated castrated1 death interview_id
        lost present psu recruitment sex
  Docs: adopted age births caes castrated castrated1 death interview_id
        lost psu recruitment sex

* checking Rd \usage sections ... OK
* checking Rd contents ... OK
* checking for unstated dependencies in examples ... WARNING
Warning: parse error in file ‘capm-Ex.R’:
14: unexpected symbol
21: str(Sample)
22: head(Sample) ...
                ^
* checking contents of ‘data’ directory ... OK
* checking data for non-ASCII characters ... OK
* checking data for ASCII and uncompressed saves ... OK
* checking examples ... ERROR
Running examples in ‘capm-Ex.R’ failed
The error most likely occurred in:

> ### Name: Sample
> ### Title: Estimates of dog demographic variables
> ### Aliases: Sample
> ### Keywords: datasets
> 
> ### ** Examples
> 
> data(Sample)
> str(Sample)
'data.frame':	1816 obs. of  13 variables:
 $ interview_id: int  1 2 3 3 4 5 5 6 7 8 ...
 $ psu         : num  3.55e+14 3.55e+14 3.55e+14 3.55e+14 3.55e+14 ...
 $ caes        : num  1 1 1 1 0 1 1 1 1 1 ...
 $ sex         : Factor w/ 2 levels "Female","Male": 1 1 2 1 NA 1 2 1 1 2 ...
 $ age         : int  12 0 5 11 NA 10 10 8 8 6 ...
 $ castrated   : Factor w/ 2 levels "no","yes": 2 2 2 1 NA 1 2 2 1 2 ...
 $ castrated1  : Factor w/ 2 levels "no","yes": 2 2 1 1 NA 1 1 2 1 1 ...
 $ adopted     : Factor w/ 2 levels "no","yes": 1 1 1 1 NA 1 1 1 1 1 ...
 $ recruitment : Factor w/ 2 levels "no","yes": 1 1 1 2 NA 1 1 1 1 1 ...
 $ births      : num  0 4 0 0 NA 0 0 0 0 0 ...
 $ present     : Factor w/ 2 levels "no","yes": 2 2 2 2 NA 2 2 2 1 2 ...
 $ death       : Factor w/ 2 levels "no","yes": 1 1 1 1 NA 1 1 1 1 1 ...
 $ lost        : Factor w/ 2 levels "no","yes": 1 1 1 1 NA 1 1 1 2 1 ...
> head(Sample) ...
Error: unexpected symbol in "head(Sample) ..."
Execution halted
